Traceback (most recent call last):
  File "/Users/kareemauguste/Documents/EmpireBot/auto_scaler.py", line 59, in <module>
    main(loop=bool(int(os.getenv("LOOP", "1"))))
    ~~~~^^^^^^^^^^^^^^^^^^^^^^^^^^^^^^^^^^^^^^^^
  File "/Users/kareemauguste/Documents/EmpireBot/auto_scaler.py", line 42, in main
    baseline, model = load_model()
                      ~~~~~~~~~~^^
  File "/Users/kareemauguste/Documents/EmpireBot/auto_scaler.py", line 38, in load_model
    np.save(BASELINE_FILE, [baseline, json.dumps(model.__getstate__())])
                                      ~~~~~~~~~~^^^^^^^^^^^^^^^^^^^^^^
  File "/opt/homebrew/Cellar/python@3.13/3.13.5/Frameworks/Python.framework/Versions/3.13/lib/python3.13/json/__init__.py", line 231, in dumps
    return _default_encoder.encode(obj)
           ~~~~~~~~~~~~~~~~~~~~~~~^^^^^
  File "/opt/homebrew/Cellar/python@3.13/3.13.5/Frameworks/Python.framework/Versions/3.13/lib/python3.13/json/encoder.py", line 200, in encode
    chunks = self.iterencode(o, _one_shot=True)
  File "/opt/homebrew/Cellar/python@3.13/3.13.5/Frameworks/Python.framework/Versions/3.13/lib/python3.13/json/encoder.py", line 261, in iterencode
    return _iterencode(o, 0)
  File "/opt/homebrew/Cellar/python@3.13/3.13.5/Frameworks/Python.framework/Versions/3.13/lib/python3.13/json/encoder.py", line 180, in default
    raise TypeError(f'Object of type {o.__class__.__name__} '
                    f'is not JSON serializable')
TypeError: Object of type ExtraTreeRegressor is not JSON serializable
